Starting enum4linux v0.8.9 ( http://labs.portcullis.co.uk/application/enum4linux/ ) on Wed Aug 21 14:52:52 2013

 ========================== 
|    Target Information    |
 ========================== 
Target ........... 172.16.1.10
RID Range ........ 500-550,1000-1050
Username ......... ''
Password ......... ''
Known Usernames .. administrator, guest, krbtgt, domain admins, root, bin, none


 =================================================== 
|    Enumerating Workgroup/Domain on 172.16.1.10    |
 =================================================== 
[+] Got domain/workgroup name: CORP

 =========================================== 
|    Nbtstat Information for 172.16.1.10    |
 =========================================== 
Looking up status of 172.16.1.10
	W2008R2DC       <00> -         B <ACTIVE>  Workstation Service
	CORP            <00> - <GROUP> B <ACTIVE>  Domain/Workgroup Name
	CORP            <1c> - <GROUP> B <ACTIVE>  Domain Controllers
	W2008R2DC       <20> -         B <ACTIVE>  File Server Service
	CORP            <1b> -         B <ACTIVE>  Domain Master Browser

	MAC Address = 08-00-27-7D-91-22

 ==================================== 
|    Session Check on 172.16.1.10    |
 ==================================== 
[+] Server 172.16.1.10 allows sessions using username '', password ''

 ========================================== 
|    Getting domain SID for 172.16.1.10    |
 ========================================== 
Domain Name: CORP
Domain Sid: S-1-5-21-2715841153-2486608671-1296036980
[+] Host is part of a domain (not a workgroup)

 ===================================== 
|    OS information on 172.16.1.10    |
 ===================================== 
[+] Got OS info for 172.16.1.10 from smbclient: Domain=[CORP] OS=[Windows Server 2008 R2 Enterprise 7601 Service Pack 1] Server=[Windows Server 2008 R2 Enterprise 6.1]
[+] Got OS info for 172.16.1.10 from srvinfo:
Could not initialise \srvsvc. Error was NT_STATUS_ACCESS_DENIED

 ============================ 
|    Users on 172.16.1.10    |
 ============================ 
[E] Couldn't find users using querydispinfo: NT_STATUS_ACCESS_DENIED

[E] Couldn't find users using enumdomusers: NT_STATUS_ACCESS_DENIED

 ======================================== 
|    Share Enumeration on 172.16.1.10    |
 ======================================== 
[E] Can't list shares: NT_STATUS_ACCESS_DENIED

[+] Attempting to map shares on 172.16.1.10

 =================================================== 
|    Password Policy Information for 172.16.1.10    |
 =================================================== 
[E] Unexpected error from polenum.py:

[+] Attaching to 172.16.1.10 using a NULL share

	[+] Trying protocol 445/SMB...

	[!] Protocol failed: SessionError: ('S', 'M', 'B', ' ', 'L', 'i', 'b', 'r', 'a', 'r', 'y', ' ', 'E', 'r', 'r', 'o', 'r'), class: ERRDOS, code: 52

	[+] Trying protocol 139/SMB...

	[!] Protocol failed: ('Cannot request session', 240, 130)

[E] Failed to get password policy with rpcclient


 ============================= 
|    Groups on 172.16.1.10    |
 ============================= 

[+] Getting builtin groups:

[+] Getting builtin group memberships:

[+] Getting local groups:

[+] Getting local group memberships:

[+] Getting domain groups:

[+] Getting domain group memberships:

 ====================================================================== 
|    Users on 172.16.1.10 via RID cycling (RIDS: 500-550,1000-1050)    |
 ====================================================================== 
[E] Couldn't get SID: NT_STATUS_ACCESS_DENIED.  RID cycling not possible.

 ============================================ 
|    Getting printer info for 172.16.1.10    |
 ============================================ 
Could not initialise \spoolss. Error was NT_STATUS_ACCESS_DENIED


enum4linux complete on Wed Aug 21 14:52:54 2013

