Starting enum4linux v0.8.9 ( http://labs.portcullis.co.uk/application/enum4linux/ ) on Wed Aug 21 15:04:08 2013

 ========================== 
|    Target Information    |
 ========================== 
Target ........... 172.16.1.11
RID Range ........ 500-550,1000-1050
Username ......... ''
Password ......... ''
Known Usernames .. administrator, guest, krbtgt, domain admins, root, bin, none


 =================================================== 
|    Enumerating Workgroup/Domain on 172.16.1.11    |
 =================================================== 
[+] Got domain/workgroup name: CORP

 =========================================== 
|    Nbtstat Information for 172.16.1.11    |
 =========================================== 
Looking up status of 172.16.1.11
	WIN7ALICE       <20> -         B <ACTIVE>  File Server Service
	WIN7ALICE       <00> -         B <ACTIVE>  Workstation Service
	CORP            <00> - <GROUP> B <ACTIVE>  Domain/Workgroup Name
	CORP            <1e> - <GROUP> B <ACTIVE>  Browser Service Elections

	MAC Address = 08-00-27-16-8C-19

 ==================================== 
|    Session Check on 172.16.1.11    |
 ==================================== 
[+] Server 172.16.1.11 allows sessions using username '', password ''

 ========================================== 
|    Getting domain SID for 172.16.1.11    |
 ========================================== 
could not initialise lsa pipe. Error was NT_STATUS_ACCESS_DENIED
could not obtain sid for domain CORP
error: NT_STATUS_ACCESS_DENIED
[+] Can't determine if host is part of domain or part of a workgroup

 ===================================== 
|    OS information on 172.16.1.11    |
 ===================================== 
[+] Got OS info for 172.16.1.11 from smbclient: Domain=[CORP] OS=[Windows 7 Ultimate 7600] Server=[Windows 7 Ultimate 6.1]
[E] Can't get OS info with srvinfo: NT_STATUS_ACCESS_DENIED

 ============================ 
|    Users on 172.16.1.11    |
 ============================ 
[E] Couldn't find users using querydispinfo: NT_STATUS_ACCESS_DENIED

[E] Couldn't find users using enumdomusers: NT_STATUS_ACCESS_DENIED

 ======================================== 
|    Share Enumeration on 172.16.1.11    |
 ======================================== 
[E] Can't list shares: NT_STATUS_ACCESS_DENIED

[+] Attempting to map shares on 172.16.1.11

 =================================================== 
|    Password Policy Information for 172.16.1.11    |
 =================================================== 
[E] Unexpected error from polenum.py:

[+] Attaching to 172.16.1.11 using a NULL share

	[+] Trying protocol 445/SMB...

	[!] Protocol failed: SessionError: ('S', 'M', 'B', ' ', 'L', 'i', 'b', 'r', 'a', 'r', 'y', ' ', 'E', 'r', 'r', 'o', 'r'), class: ERRDOS, code: ERRnoaccess(Access denied.)

	[+] Trying protocol 139/SMB...

	[!] Protocol failed: ('Cannot request session', 240, 130)

[E] Failed to get password policy with rpcclient


 ============================= 
|    Groups on 172.16.1.11    |
 ============================= 

[+] Getting builtin groups:
[E] Can't get builtin groups: NT_STATUS_ACCESS_DENIED

[+] Getting builtin group memberships:

[+] Getting local groups:
[E] Can't get local groups: NT_STATUS_ACCESS_DENIED

[+] Getting local group memberships:

[+] Getting domain groups:
[E] Can't get domain groups: NT_STATUS_ACCESS_DENIED

[+] Getting domain group memberships:

 ====================================================================== 
|    Users on 172.16.1.11 via RID cycling (RIDS: 500-550,1000-1050)    |
 ====================================================================== 
[E] Couldn't get SID: NT_STATUS_ACCESS_DENIED.  RID cycling not possible.

 ============================================ 
|    Getting printer info for 172.16.1.11    |
 ============================================ 
could not initialise lsa pipe. Error was NT_STATUS_ACCESS_DENIED
could not obtain sid for domain CORP
error: NT_STATUS_ACCESS_DENIED


enum4linux complete on Wed Aug 21 15:04:10 2013

