Starting enum4linux v0.8.9 ( http://labs.portcullis.co.uk/application/enum4linux/ ) on Wed Aug 21 15:20:45 2013

 ========================== 
|    Target Information    |
 ========================== 
Target ........... 172.16.1.102
RID Range ........ 500-550,1000-1050
Username ......... ''
Password ......... ''
Known Usernames .. administrator, guest, krbtgt, domain admins, root, bin, none


 ==================================================== 
|    Enumerating Workgroup/Domain on 172.16.1.102    |
 ==================================================== 
[+] Got domain/workgroup name: WORKGROUP

 ============================================ 
|    Nbtstat Information for 172.16.1.102    |
 ============================================ 
Looking up status of 172.16.1.102
	OFFICEMONKEY    <00> -         M <ACTIVE>  Workstation Service
	WORKGROUP       <00> - <GROUP> M <ACTIVE>  Domain/Workgroup Name
	OFFICEMONKEY    <20> -         M <ACTIVE>  File Server Service
	WORKGROUP       <1e> - <GROUP> M <ACTIVE>  Browser Service Elections

	MAC Address = 08-00-27-93-D4-D0

 ===================================== 
|    Session Check on 172.16.1.102    |
 ===================================== 
[+] Server 172.16.1.102 allows sessions using username '', password ''

 =========================================== 
|    Getting domain SID for 172.16.1.102    |
 =========================================== 
could not initialise lsa pipe. Error was NT_STATUS_ACCESS_DENIED
could not obtain sid for domain WORKGROUP
error: NT_STATUS_ACCESS_DENIED
[+] Can't determine if host is part of domain or part of a workgroup

 ====================================== 
|    OS information on 172.16.1.102    |
 ====================================== 
[+] Got OS info for 172.16.1.102 from smbclient: Domain=[WORKGROUP] OS=[Windows 5.1] Server=[Windows 2000 LAN Manager]
[E] Can't get OS info with srvinfo: NT_STATUS_ACCESS_DENIED

 ============================= 
|    Users on 172.16.1.102    |
 ============================= 
[E] Couldn't find users using querydispinfo: NT_STATUS_ACCESS_DENIED

[E] Couldn't find users using enumdomusers: NT_STATUS_ACCESS_DENIED

 ========================================= 
|    Share Enumeration on 172.16.1.102    |
 ========================================= 
[E] Can't list shares: NT_STATUS_ACCESS_DENIED

[+] Attempting to map shares on 172.16.1.102

 ==================================================== 
|    Password Policy Information for 172.16.1.102    |
 ==================================================== 
[E] Unexpected error from polenum.py:

[+] Attaching to 172.16.1.102 using a NULL share

	[+] Trying protocol 445/SMB...

	[!] Protocol failed: SessionError: ('S', 'M', 'B', ' ', 'L', 'i', 'b', 'r', 'a', 'r', 'y', ' ', 'E', 'r', 'r', 'o', 'r'), class: ERRDOS, code: ERRnoaccess(Access denied.)

	[+] Trying protocol 139/SMB...

	[!] Protocol failed: SessionError: ('S', 'M', 'B', ' ', 'L', 'i', 'b', 'r', 'a', 'r', 'y', ' ', 'E', 'r', 'r', 'o', 'r'), class: ERRDOS, code: ERRnoaccess(Access denied.)

[E] Failed to get password policy with rpcclient


 ============================== 
|    Groups on 172.16.1.102    |
 ============================== 

[+] Getting builtin groups:
[E] Can't get builtin groups: NT_STATUS_ACCESS_DENIED

[+] Getting builtin group memberships:

[+] Getting local groups:
[E] Can't get local groups: NT_STATUS_ACCESS_DENIED

[+] Getting local group memberships:

[+] Getting domain groups:
[E] Can't get domain groups: NT_STATUS_ACCESS_DENIED

[+] Getting domain group memberships:

 ======================================================================= 
|    Users on 172.16.1.102 via RID cycling (RIDS: 500-550,1000-1050)    |
 ======================================================================= 
[E] Couldn't get SID: NT_STATUS_ACCESS_DENIED.  RID cycling not possible.

 ============================================= 
|    Getting printer info for 172.16.1.102    |
 ============================================= 
could not initialise lsa pipe. Error was NT_STATUS_ACCESS_DENIED
could not obtain sid for domain WORKGROUP
error: NT_STATUS_ACCESS_DENIED


enum4linux complete on Wed Aug 21 15:20:46 2013

